<?xml version="1.0" encoding="UTF-8"?>
<testng-results ignored="0" total="1" passed="1" failed="0" skipped="0">
  <reporter-output>
  </reporter-output>
  <suite started-at="2024-10-10T19:04:26 IST" name="Default suite" finished-at="2024-10-10T19:04:53 IST" duration-ms="26916">
    <groups>
    </groups>
    <test started-at="2024-10-10T19:04:26 IST" name="Default test" finished-at="2024-10-10T19:04:53 IST" duration-ms="26916">
      <class name="SeleniumProject1.amazon.TestCase14">
        <test-method is-config="true" signature="launchBrowser_AMZHome()[pri:0, instance:SeleniumProject1.amazon.TestCase14@8dbdac1]" started-at="2024-10-10T19:04:26 IST" name="launchBrowser_AMZHome" finished-at="2024-10-10T19:04:41 IST" duration-ms="14691" status="PASS">
          <reporter-output>
          </reporter-output>
        </test-method> <!-- launchBrowser_AMZHome -->
        <test-method signature="GiveFivestartrating()[pri:0, instance:SeleniumProject1.amazon.TestCase14@8dbdac1]" started-at="2024-10-10T19:04:41 IST" name="GiveFivestartrating" finished-at="2024-10-10T19:04:53 IST" duration-ms="12182" status="PASS">
          <reporter-output>
          </reporter-output>
        </test-method> <!-- GiveFivestartrating -->
        <test-method is-config="true" signature="logout()[pri:0, instance:SeleniumProject1.amazon.TestCase14@8dbdac1]" started-at="2024-10-10T19:04:53 IST" name="logout" finished-at="2024-10-10T19:04:53 IST" duration-ms="0" status="PASS">
          <reporter-output>
          </reporter-output>
        </test-method> <!-- logout -->
      </class> <!-- SeleniumProject1.amazon.TestCase14 -->
    </test> <!-- Default test -->
  </suite> <!-- Default suite -->
</testng-results>
