<?xml version="1.0" encoding="UTF-8"?>
<testng-results ignored="0" total="1" passed="1" failed="0" skipped="0">
  <reporter-output>
    <line>
      <![CDATA[My test case is pass]]>
    </line>
  </reporter-output>
  <suite started-at="2024-10-24T18:45:17 IST" name="Default suite" finished-at="2024-10-24T18:46:14 IST" duration-ms="56377">
    <groups>
    </groups>
    <test started-at="2024-10-24T18:45:17 IST" name="Default test" finished-at="2024-10-24T18:46:14 IST" duration-ms="56377">
      <class name="amazon_Project1.Amazon1.TestCase11">
        <test-method is-config="true" signature="launchBrowser_AMZHome()[pri:0, instance:amazon_Project1.Amazon1.TestCase11@47af7f3d]" started-at="2024-10-24T18:45:17 IST" name="launchBrowser_AMZHome" finished-at="2024-10-24T18:45:27 IST" duration-ms="9951" status="PASS">
          <reporter-output>
          </reporter-output>
        </test-method> <!-- launchBrowser_AMZHome -->
        <test-method signature="paymentmethod()[pri:0, instance:amazon_Project1.Amazon1.TestCase11@47af7f3d]" started-at="2024-10-24T18:45:27 IST" name="paymentmethod" finished-at="2024-10-24T18:46:14 IST" duration-ms="46144" status="PASS">
          <reporter-output>
            <line>
              <![CDATA[My test case is pass]]>
            </line>
          </reporter-output>
        </test-method> <!-- paymentmethod -->
        <test-method is-config="true" signature="logout()[pri:0, instance:amazon_Project1.Amazon1.TestCase11@47af7f3d]" started-at="2024-10-24T18:46:14 IST" name="logout" finished-at="2024-10-24T18:46:14 IST" duration-ms="4" status="PASS">
          <reporter-output>
          </reporter-output>
        </test-method> <!-- logout -->
      </class> <!-- amazon_Project1.Amazon1.TestCase11 -->
    </test> <!-- Default test -->
  </suite> <!-- Default suite -->
</testng-results>
